{
  "stats": {
    "suites": 5,
    "tests": 7,
    "passes": 7,
    "pending": 0,
    "failures": 0,
    "start": "2020-12-09T20:33:15.286Z",
    "end": "2020-12-09T20:33:27.452Z",
    "duration": 829,
    "testsRegistered": 7,
    "passPercent": 100,
    "pendingPercent": 0,
    "other": 0,
    "hasOther": false,
    "skipped": 0,
    "hasSkipped": false
  },
  "results": [
    {
      "uuid": "7aa532f8-ea3e-4d21-86af-e0e172bacf41",
      "title": "",
      "fullFile": "cypress/integration/services/login/tests/postLogin.spec.js",
      "file": "cypress/integration/services/login/tests/postLogin.spec.js",
      "beforeHooks": [],
      "afterHooks": [],
      "tests": [],
      "suites": [
        {
          "uuid": "7649fdcc-52fc-48c6-a498-4d90a403d26e",
          "title": "Post Login",
          "fullFile": "",
          "file": "",
          "beforeHooks": [],
          "afterHooks": [],
          "tests": [
            {
              "title": "Fazer o login",
              "fullTitle": "Post Login Fazer o login",
              "timedOut": null,
              "duration": 250,
              "state": "passed",
              "speed": "slow",
              "pass": true,
              "fail": false,
              "pending": false,
              "context": null,
              "code": "PostLogin.autenticacao().should(function (response) {\n  expect(response.status).to.eq(200);\n  expect(response.body).to.be.not[\"null\"];\n});",
              "err": {},
              "uuid": "a0c02905-36c8-4433-8cfb-1fa2d0f0e057",
              "parentUUID": "7649fdcc-52fc-48c6-a498-4d90a403d26e",
              "isHook": false,
              "skipped": false
            }
          ],
          "suites": [],
          "passes": [
            "a0c02905-36c8-4433-8cfb-1fa2d0f0e057"
          ],
          "failures": [],
          "pending": [],
          "skipped": [],
          "duration": 250,
          "root": false,
          "rootEmpty": false,
          "_timeout": 2000
        }
      ],
      "passes": [],
      "failures": [],
      "pending": [],
      "skipped": [],
      "duration": 0,
      "root": true,
      "rootEmpty": true,
      "_timeout": 2000
    },
    {
      "uuid": "be1527f2-dcdf-427e-a907-7cc04b557c4c",
      "title": "",
      "fullFile": "cypress/integration/services/produtos/tests/getProdutos.spec.js",
      "file": "cypress/integration/services/produtos/tests/getProdutos.spec.js",
      "beforeHooks": [],
      "afterHooks": [],
      "tests": [],
      "suites": [
        {
          "uuid": "8c389ec6-19fc-4a3f-aef9-b77fae7f3316",
          "title": "Get Produtos",
          "fullFile": "",
          "file": "",
          "beforeHooks": [],
          "afterHooks": [],
          "tests": [
            {
              "title": "Listar os produtos cadastrados",
              "fullTitle": "Get Produtos Listar os produtos cadastrados",
              "timedOut": null,
              "duration": 74,
              "state": "passed",
              "speed": "medium",
              "pass": true,
              "fail": false,
              "pending": false,
              "context": null,
              "code": "GetProdutos.listar().should(function (response) {\n  expect(response.status).to.eq(200);\n  expect(response.body).to.be.not[\"null\"];\n});",
              "err": {},
              "uuid": "6de122e5-4eaa-40c8-ae64-904dac8881e8",
              "parentUUID": "8c389ec6-19fc-4a3f-aef9-b77fae7f3316",
              "isHook": false,
              "skipped": false
            },
            {
              "title": "Validar o contrato da listagem de produtos",
              "fullTitle": "Get Produtos Validar o contrato da listagem de produtos",
              "timedOut": null,
              "duration": 54,
              "state": "passed",
              "speed": "medium",
              "pass": true,
              "fail": false,
              "pending": false,
              "context": null,
              "code": "GetProdutos.listar().should(function (response) {\n  return _produtos[\"default\"].validateAsync(response.body);\n});",
              "err": {},
              "uuid": "ad5d6a46-525a-44b4-b795-cbbd158d8146",
              "parentUUID": "8c389ec6-19fc-4a3f-aef9-b77fae7f3316",
              "isHook": false,
              "skipped": false
            }
          ],
          "suites": [],
          "passes": [
            "6de122e5-4eaa-40c8-ae64-904dac8881e8",
            "ad5d6a46-525a-44b4-b795-cbbd158d8146"
          ],
          "failures": [],
          "pending": [],
          "skipped": [],
          "duration": 128,
          "root": false,
          "rootEmpty": false,
          "_timeout": 2000
        }
      ],
      "passes": [],
      "failures": [],
      "pending": [],
      "skipped": [],
      "duration": 0,
      "root": true,
      "rootEmpty": true,
      "_timeout": 2000
    },
    {
      "uuid": "c8d512eb-5966-4435-9f06-906c54816675",
      "title": "",
      "fullFile": "cypress/integration/services/produtos/tests/postProdutos.spec.js",
      "file": "cypress/integration/services/produtos/tests/postProdutos.spec.js",
      "beforeHooks": [],
      "afterHooks": [],
      "tests": [],
      "suites": [
        {
          "uuid": "b436b44d-baf0-41d9-a803-4d1ee4a68975",
          "title": "Post Produtos",
          "fullFile": "",
          "file": "",
          "beforeHooks": [],
          "afterHooks": [],
          "tests": [
            {
              "title": "Adicionar um produto",
              "fullTitle": "Post Produtos Adicionar um produto",
              "timedOut": null,
              "duration": 196,
              "state": "passed",
              "speed": "slow",
              "pass": true,
              "fail": false,
              "pending": false,
              "context": null,
              "code": "PostLogin.autenticacao().should(function (response) {\n  expect(response.status).to.eq(200);\n  PostProdutos.adicionar(response.body.authorization).should(function (resProduto) {\n    expect(resProduto.status).to.eq(201);\n    expect(resProduto.body.message).to.eq('Cadastro realizado com sucesso');\n    DeleteProdutos.apagar(resProduto.body._id, response.body.authorization).should(function (resDelete) {\n      expect(resDelete.status).to.eq(200);\n      expect(resDelete.body.message).to.eq('Registro excluído com sucesso');\n    });\n  });\n});",
              "err": {},
              "uuid": "6ce12ced-0cbc-448f-a9e8-78eeabc8e79d",
              "parentUUID": "b436b44d-baf0-41d9-a803-4d1ee4a68975",
              "isHook": false,
              "skipped": false
            }
          ],
          "suites": [],
          "passes": [
            "6ce12ced-0cbc-448f-a9e8-78eeabc8e79d"
          ],
          "failures": [],
          "pending": [],
          "skipped": [],
          "duration": 196,
          "root": false,
          "rootEmpty": false,
          "_timeout": 2000
        }
      ],
      "passes": [],
      "failures": [],
      "pending": [],
      "skipped": [],
      "duration": 0,
      "root": true,
      "rootEmpty": true,
      "_timeout": 2000
    },
    {
      "uuid": "a1ccb85c-19d4-4960-83b6-e0ad18f421ff",
      "title": "",
      "fullFile": "cypress/integration/services/usuarios/tests/getUsuarios.spec.js",
      "file": "cypress/integration/services/usuarios/tests/getUsuarios.spec.js",
      "beforeHooks": [],
      "afterHooks": [],
      "tests": [],
      "suites": [
        {
          "uuid": "cd8ac7fe-50d2-4e8e-ab2a-3f60a4dd25aa",
          "title": "Get Usuario",
          "fullFile": "",
          "file": "",
          "beforeHooks": [],
          "afterHooks": [],
          "tests": [
            {
              "title": "Listar os usiários cadastrados",
              "fullTitle": "Get Usuario Listar os usiários cadastrados",
              "timedOut": null,
              "duration": 70,
              "state": "passed",
              "speed": "medium",
              "pass": true,
              "fail": false,
              "pending": false,
              "context": null,
              "code": "GetUsuarios.listar().should(function (response) {\n  expect(response.status).to.eq(200);\n  expect(response.body).to.be.not[\"null\"];\n});",
              "err": {},
              "uuid": "c39318ab-c36e-42bf-87ca-9d0f05cc4c47",
              "parentUUID": "cd8ac7fe-50d2-4e8e-ab2a-3f60a4dd25aa",
              "isHook": false,
              "skipped": false
            },
            {
              "title": "Validar o contrato da listagem de usuarios",
              "fullTitle": "Get Usuario Validar o contrato da listagem de usuarios",
              "timedOut": null,
              "duration": 55,
              "state": "passed",
              "speed": "medium",
              "pass": true,
              "fail": false,
              "pending": false,
              "context": null,
              "code": "GetUsuarios.listar().should(function (response) {\n  return _usuarios[\"default\"].validateAsync(response.body);\n});",
              "err": {},
              "uuid": "82295bca-1fee-47a9-b647-166ae15430de",
              "parentUUID": "cd8ac7fe-50d2-4e8e-ab2a-3f60a4dd25aa",
              "isHook": false,
              "skipped": false
            }
          ],
          "suites": [],
          "passes": [
            "c39318ab-c36e-42bf-87ca-9d0f05cc4c47",
            "82295bca-1fee-47a9-b647-166ae15430de"
          ],
          "failures": [],
          "pending": [],
          "skipped": [],
          "duration": 125,
          "root": false,
          "rootEmpty": false,
          "_timeout": 2000
        }
      ],
      "passes": [],
      "failures": [],
      "pending": [],
      "skipped": [],
      "duration": 0,
      "root": true,
      "rootEmpty": true,
      "_timeout": 2000
    },
    {
      "uuid": "86298304-a304-4f9e-a8ab-12b978a09d35",
      "title": "",
      "fullFile": "cypress/integration/services/usuarios/tests/postUsuarios.spec.js",
      "file": "cypress/integration/services/usuarios/tests/postUsuarios.spec.js",
      "beforeHooks": [],
      "afterHooks": [],
      "tests": [],
      "suites": [
        {
          "uuid": "52eea9c9-4c4c-4419-a6ad-a21045701940",
          "title": "Post Usuario",
          "fullFile": "",
          "file": "",
          "beforeHooks": [],
          "afterHooks": [],
          "tests": [
            {
              "title": "Adicionar um novo usuário",
              "fullTitle": "Post Usuario Adicionar um novo usuário",
              "timedOut": null,
              "duration": 130,
              "state": "passed",
              "speed": "slow",
              "pass": true,
              "fail": false,
              "pending": false,
              "context": null,
              "code": "PostUsuarios.adicionar().should(function (resNovoUsuario) {\n  expect(resNovoUsuario.status).to.eq(201);\n  expect(resNovoUsuario.body.message).to.eq('Cadastro realizado com sucesso');\n  DeleteUsuarios.apagar(resNovoUsuario.body._id).should(function (resApagarUsuario) {\n    expect(resApagarUsuario.status).to.eq(200);\n    expect(resApagarUsuario.body.message).to.eq('Registro excluído com sucesso');\n  });\n});",
              "err": {},
              "uuid": "39f8b406-de20-47aa-8559-12178b4237d3",
              "parentUUID": "52eea9c9-4c4c-4419-a6ad-a21045701940",
              "isHook": false,
              "skipped": false
            }
          ],
          "suites": [],
          "passes": [
            "39f8b406-de20-47aa-8559-12178b4237d3"
          ],
          "failures": [],
          "pending": [],
          "skipped": [],
          "duration": 130,
          "root": false,
          "rootEmpty": false,
          "_timeout": 2000
        }
      ],
      "passes": [],
      "failures": [],
      "pending": [],
      "skipped": [],
      "duration": 0,
      "root": true,
      "rootEmpty": true,
      "_timeout": 2000
    }
  ],
  "meta": {
    "mocha": {
      "version": "7.0.1"
    },
    "mochawesome": {
      "options": {
        "quiet": false,
        "reportFilename": "mochawesome",
        "saveHtml": false,
        "saveJson": true,
        "consoleReporter": "spec",
        "useInlineDiffs": false,
        "code": true
      },
      "version": "6.2.1"
    },
    "marge": {
      "options": {
        "reportDir": "mochawesome-report/json",
        "overwrite": false,
        "html": false,
        "json": true
      },
      "version": "5.1.0"
    }
  }
}