{
  "stats": {
    "suites": 1,
    "tests": 1,
    "passes": 1,
    "pending": 0,
    "failures": 0,
    "start": "2020-12-16T00:10:02.212Z",
    "end": "2020-12-16T00:10:02.475Z",
    "duration": 263,
    "testsRegistered": 1,
    "passPercent": 100,
    "pendingPercent": 0,
    "other": 0,
    "hasOther": false,
    "skipped": 0,
    "hasSkipped": false
  },
  "results": [
    {
      "uuid": "ce71f7fb-21a7-4711-8e35-dbfdd67c0ea0",
      "title": "",
      "fullFile": "cypress/integration/services/login/tests/postLogin.spec.js",
      "file": "cypress/integration/services/login/tests/postLogin.spec.js",
      "beforeHooks": [],
      "afterHooks": [],
      "tests": [],
      "suites": [
        {
          "uuid": "6930135a-a668-4d1b-9a57-774f2fff47eb",
          "title": "Post Login",
          "fullFile": "",
          "file": "",
          "beforeHooks": [],
          "afterHooks": [],
          "tests": [
            {
              "title": "Fazer o login",
              "fullTitle": "Post Login Fazer o login",
              "timedOut": null,
              "duration": 242,
              "state": "passed",
              "speed": "slow",
              "pass": true,
              "fail": false,
              "pending": false,
              "context": null,
              "code": "PostLogin.autenticacao().should(function (response) {\n  expect(response.status).to.eq(200);\n  expect(response.body).to.be.not[\"null\"];\n});",
              "err": {},
              "uuid": "7cc164f7-f1fb-4418-8def-7523475728f8",
              "parentUUID": "6930135a-a668-4d1b-9a57-774f2fff47eb",
              "isHook": false,
              "skipped": false
            }
          ],
          "suites": [],
          "passes": [
            "7cc164f7-f1fb-4418-8def-7523475728f8"
          ],
          "failures": [],
          "pending": [],
          "skipped": [],
          "duration": 242,
          "root": false,
          "rootEmpty": false,
          "_timeout": 2000
        }
      ],
      "passes": [],
      "failures": [],
      "pending": [],
      "skipped": [],
      "duration": 0,
      "root": true,
      "rootEmpty": true,
      "_timeout": 2000
    }
  ],
  "meta": {
    "mocha": {
      "version": "7.0.1"
    },
    "mochawesome": {
      "options": {
        "quiet": false,
        "reportFilename": "mochawesome",
        "saveHtml": false,
        "saveJson": true,
        "consoleReporter": "spec",
        "useInlineDiffs": false,
        "code": true
      },
      "version": "6.2.1"
    },
    "marge": {
      "options": {
        "reportDir": "mochawesome-report/json",
        "overwrite": false,
        "html": false,
        "json": true
      },
      "version": "5.1.0"
    }
  }
}