{
  "stats": {
    "suites": 1,
    "tests": 2,
    "passes": 2,
    "pending": 0,
    "failures": 0,
    "start": "2020-12-16T00:10:05.418Z",
    "end": "2020-12-16T00:10:05.562Z",
    "duration": 144,
    "testsRegistered": 2,
    "passPercent": 100,
    "pendingPercent": 0,
    "other": 0,
    "hasOther": false,
    "skipped": 0,
    "hasSkipped": false
  },
  "results": [
    {
      "uuid": "c2a1b0a0-0c6a-4815-9ae0-00efb88f4e63",
      "title": "",
      "fullFile": "cypress/integration/services/produtos/tests/getProdutos.spec.js",
      "file": "cypress/integration/services/produtos/tests/getProdutos.spec.js",
      "beforeHooks": [],
      "afterHooks": [],
      "tests": [],
      "suites": [
        {
          "uuid": "60e390e0-e89d-4624-98b8-f6766e0859a7",
          "title": "Get Produtos",
          "fullFile": "",
          "file": "",
          "beforeHooks": [],
          "afterHooks": [],
          "tests": [
            {
              "title": "Listar os produtos cadastrados",
              "fullTitle": "Get Produtos Listar os produtos cadastrados",
              "timedOut": null,
              "duration": 72,
              "state": "passed",
              "speed": "medium",
              "pass": true,
              "fail": false,
              "pending": false,
              "context": null,
              "code": "GetProdutos.listar().should(function (response) {\n  expect(response.status).to.eq(200);\n  expect(response.body).to.be.not[\"null\"];\n});",
              "err": {},
              "uuid": "20cb2329-2f23-4a26-bee7-cbea7d479757",
              "parentUUID": "60e390e0-e89d-4624-98b8-f6766e0859a7",
              "isHook": false,
              "skipped": false
            },
            {
              "title": "Validar o contrato da listagem de produtos",
              "fullTitle": "Get Produtos Validar o contrato da listagem de produtos",
              "timedOut": null,
              "duration": 58,
              "state": "passed",
              "speed": "medium",
              "pass": true,
              "fail": false,
              "pending": false,
              "context": null,
              "code": "GetProdutos.listar().should(function (response) {\n  return _produtos[\"default\"].validateAsync(response.body);\n});",
              "err": {},
              "uuid": "b104f6f5-c8f2-4059-9a7b-3a604ebf1bf5",
              "parentUUID": "60e390e0-e89d-4624-98b8-f6766e0859a7",
              "isHook": false,
              "skipped": false
            }
          ],
          "suites": [],
          "passes": [
            "20cb2329-2f23-4a26-bee7-cbea7d479757",
            "b104f6f5-c8f2-4059-9a7b-3a604ebf1bf5"
          ],
          "failures": [],
          "pending": [],
          "skipped": [],
          "duration": 130,
          "root": false,
          "rootEmpty": false,
          "_timeout": 2000
        }
      ],
      "passes": [],
      "failures": [],
      "pending": [],
      "skipped": [],
      "duration": 0,
      "root": true,
      "rootEmpty": true,
      "_timeout": 2000
    }
  ],
  "meta": {
    "mocha": {
      "version": "7.0.1"
    },
    "mochawesome": {
      "options": {
        "quiet": false,
        "reportFilename": "mochawesome",
        "saveHtml": false,
        "saveJson": true,
        "consoleReporter": "spec",
        "useInlineDiffs": false,
        "code": true
      },
      "version": "6.2.1"
    },
    "marge": {
      "options": {
        "reportDir": "mochawesome-report/json",
        "overwrite": false,
        "html": false,
        "json": true
      },
      "version": "5.1.0"
    }
  }
}