{
  "stats": {
    "suites": 1,
    "tests": 1,
    "passes": 1,
    "pending": 0,
    "failures": 0,
    "start": "2020-12-16T00:10:13.862Z",
    "end": "2020-12-16T00:10:14.035Z",
    "duration": 173,
    "testsRegistered": 1,
    "passPercent": 100,
    "pendingPercent": 0,
    "other": 0,
    "hasOther": false,
    "skipped": 0,
    "hasSkipped": false
  },
  "results": [
    {
      "uuid": "9a3d4b54-d820-4c84-a1de-19490b10873f",
      "title": "",
      "fullFile": "cypress/integration/services/usuarios/tests/postUsuarios.spec.js",
      "file": "cypress/integration/services/usuarios/tests/postUsuarios.spec.js",
      "beforeHooks": [],
      "afterHooks": [],
      "tests": [],
      "suites": [
        {
          "uuid": "b9a16d51-6dd2-4fc4-a46a-711cc1c8ba98",
          "title": "Post Usuario",
          "fullFile": "",
          "file": "",
          "beforeHooks": [],
          "afterHooks": [],
          "tests": [
            {
              "title": "Adicionar um novo usuário",
              "fullTitle": "Post Usuario Adicionar um novo usuário",
              "timedOut": null,
              "duration": 157,
              "state": "passed",
              "speed": "slow",
              "pass": true,
              "fail": false,
              "pending": false,
              "context": null,
              "code": "PostUsuarios.adicionar().should(function (resNovoUsuario) {\n  expect(resNovoUsuario.status).to.eq(201);\n  expect(resNovoUsuario.body.message).to.eq('Cadastro realizado com sucesso');\n  DeleteUsuarios.apagar(resNovoUsuario.body._id).should(function (resApagarUsuario) {\n    expect(resApagarUsuario.status).to.eq(200);\n    expect(resApagarUsuario.body.message).to.eq('Registro excluído com sucesso');\n  });\n});",
              "err": {},
              "uuid": "97e8b843-4065-43d3-a278-49ca15b74140",
              "parentUUID": "b9a16d51-6dd2-4fc4-a46a-711cc1c8ba98",
              "isHook": false,
              "skipped": false
            }
          ],
          "suites": [],
          "passes": [
            "97e8b843-4065-43d3-a278-49ca15b74140"
          ],
          "failures": [],
          "pending": [],
          "skipped": [],
          "duration": 157,
          "root": false,
          "rootEmpty": false,
          "_timeout": 2000
        }
      ],
      "passes": [],
      "failures": [],
      "pending": [],
      "skipped": [],
      "duration": 0,
      "root": true,
      "rootEmpty": true,
      "_timeout": 2000
    }
  ],
  "meta": {
    "mocha": {
      "version": "7.0.1"
    },
    "mochawesome": {
      "options": {
        "quiet": false,
        "reportFilename": "mochawesome",
        "saveHtml": false,
        "saveJson": true,
        "consoleReporter": "spec",
        "useInlineDiffs": false,
        "code": true
      },
      "version": "6.2.1"
    },
    "marge": {
      "options": {
        "reportDir": "mochawesome-report/json",
        "overwrite": false,
        "html": false,
        "json": true
      },
      "version": "5.1.0"
    }
  }
}